<?xml version="1.0" encoding="UTF-8"?>
<!-- Generated by org.testng.reporters.JUnitReportReporter -->
<testsuite skipped="0" hostname="LAPTOP-AMAZON" name="com.bddtestng.stepdefinitions.CalenderDefinitionStep" tests="1" failures="0" timestamp="25 Jan 2020 09:06:40 GMT" time="0.013" errors="0">
  <testcase name="select_today_s_date" time="0.013" classname="com.bddtestng.stepdefinitions.CalenderDefinitionStep"/>
</testsuite> <!-- com.bddtestng.stepdefinitions.CalenderDefinitionStep -->
