<?xml version="1.0" encoding="UTF-8"?>
<!-- Generated by org.testng.reporters.JUnitReportReporter -->
<testsuite skipped="0" hostname="LAPTOP-AMAZON" name="com.bddtestng.runner.TestRunner" tests="1" failures="0" timestamp="25 Jan 2020 09:04:29 GMT" time="31.235" errors="0">
  <testcase name="feature" time="31.235" classname="com.bddtestng.runner.TestRunner"/>
</testsuite> <!-- com.bddtestng.runner.TestRunner -->
